

Started GET "/" for ::1 at 2015-06-07 21:25:24 -0500
  [1m[36mActiveRecord::SchemaMigration Load (0.1ms)[0m  [1mSELECT "schema_migrations".* FROM "schema_migrations"[0m
Processing by ScriptsController#index as HTML
  [1m[35mScript Load (0.2ms)[0m  SELECT "scripts".* FROM "scripts"
  Rendered scripts/index.html.erb within layouts/application (8.4ms)
Completed 200 OK in 7393ms (Views: 7337.5ms | ActiveRecord: 0.4ms)


Started GET "/assets/clips.self-e3b0c44298fc1c149afbf4c8996fb92427ae41e4649b934ca495991b7852b855.css?body=1" for ::1 at 2015-06-07 21:25:31 -0500


Started GET "/assets/comments.self-6568e4e3a650551b75ff4a65ae0d8491c0f3df0420b89f281caa3ea14e0e378a.css?body=1" for ::1 at 2015-06-07 21:25:31 -0500


Started GET "/assets/scenes.self-5231b3e38b8c7d71c018f96483ed5f56d442398d50262fe3cd883acb51cae09b.css?body=1" for ::1 at 2015-06-07 21:25:31 -0500


Started GET "/assets/scripts.self-d757d21fc92885e4c3b246806d0029e672afffc79a734f6c895bbbf28ca9f33c.css?body=1" for ::1 at 2015-06-07 21:25:31 -0500


Started GET "/assets/application.self-1b57aea27e8170e19fca27c3b3643b03e95bc64427144fb0629644aba8784501.css?body=1" for ::1 at 2015-06-07 21:25:31 -0500


Started GET "/assets/jquery.self-d03a5518f45df77341bdbe6201ba3bfa547ebba8ed64f0ea56bfa5f96ea7c074.js?body=1" for ::1 at 2015-06-07 21:25:31 -0500


Started GET "/assets/bootstrap/affix.self-d2b642d8fbfc1d7041e2edefd66683ada567a980789dcd6f94fddda0b33408b5.js?body=1" for ::1 at 2015-06-07 21:25:31 -0500


Started GET "/assets/bootstrap/alert.self-a29e91e8cd3ddaba9bbc466901d53ec2127e9256b9b941905d525a3a716bd1a5.js?body=1" for ::1 at 2015-06-07 21:25:31 -0500


Started GET "/assets/bootstrap/button.self-a6cb16785434acb365ae426aef9f1fce05ed553cae7a965e4471c3da71509175.js?body=1" for ::1 at 2015-06-07 21:25:31 -0500


Started GET "/assets/bootstrap/carousel.self-57eb8422043cf0a85b7a9dc6843916eb0a3e35b419c7798a5eb254b918997631.js?body=1" for ::1 at 2015-06-07 21:25:32 -0500


Started GET "/assets/bootstrap/collapse.self-7dc8bfbc2fbfabd2bad62c58ff8ffeaf8f20fb87c7ca6cd35f06d4dc19632587.js?body=1" for ::1 at 2015-06-07 21:25:32 -0500


Started GET "/assets/bootstrap/dropdown.self-9314126777c6be5443e37ea7f7967d7914d72b3e60449ba50edc967446373059.js?body=1" for ::1 at 2015-06-07 21:25:32 -0500


Started GET "/assets/bootstrap/tab.self-122235057fbd4c6c7da377d59dc58f47b44cb1088a2e38e6ee6ce9d8ac29a26a.js?body=1" for ::1 at 2015-06-07 21:25:32 -0500


Started GET "/assets/bootstrap/transition.self-09ff30b1e8a93d1f7728b9855f55d9c9d8d5734c8861e0d8139994e50944572a.js?body=1" for ::1 at 2015-06-07 21:25:32 -0500


Started GET "/assets/bootstrap/scrollspy.self-a155b9d4b2f978905f0326c0f6635e1134fe91c6bfbfcbad079fa24a9fef2b0e.js?body=1" for ::1 at 2015-06-07 21:25:32 -0500


Started GET "/assets/bootstrap/modal.self-72f95ffa1071297725a9ac91989693d56d1abf23f441a47455073b0da2857a5b.js?body=1" for ::1 at 2015-06-07 21:25:32 -0500


Started GET "/assets/bootstrap/tooltip.self-11cf547be953f25f511cec668f6690473fd97b2f65502e4032f4030999a3f0c3.js?body=1" for ::1 at 2015-06-07 21:25:32 -0500


Started GET "/assets/bootstrap/popover.self-77d8e3a2499c1104ef146396a68b82469ee2bdb365199b874694698d10405e9a.js?body=1" for ::1 at 2015-06-07 21:25:32 -0500


Started GET "/assets/bootstrap-sprockets.self-fbfa5ad7d9aa0afe439ec4ff3883acc4cb92b62cb67c40d674320c9aa1d4642d.js?body=1" for ::1 at 2015-06-07 21:25:32 -0500


Started GET "/assets/jquery_ujs.self-8e98a7a072a6cee1372d19fff9ff3e6aa1e39a37d89d6f06861637d061113ee7.js?body=1" for ::1 at 2015-06-07 21:25:32 -0500


Started GET "/assets/turbolinks.self-c37727e9bd6b2735da5c311aa83fead54ed0be6cc8bd9a65309e9c5abe2cbfff.js?body=1" for ::1 at 2015-06-07 21:25:32 -0500


Started GET "/assets/clips.self-877aef30ae1b040ab8a3aba4e3e309a11d7f2612f44dde450b5c157aa5f95c05.js?body=1" for ::1 at 2015-06-07 21:25:32 -0500


Started GET "/assets/comments.self-877aef30ae1b040ab8a3aba4e3e309a11d7f2612f44dde450b5c157aa5f95c05.js?body=1" for ::1 at 2015-06-07 21:25:32 -0500


Started GET "/assets/scenes.self-877aef30ae1b040ab8a3aba4e3e309a11d7f2612f44dde450b5c157aa5f95c05.js?body=1" for ::1 at 2015-06-07 21:25:32 -0500


Started GET "/assets/scripts.self-877aef30ae1b040ab8a3aba4e3e309a11d7f2612f44dde450b5c157aa5f95c05.js?body=1" for ::1 at 2015-06-07 21:25:32 -0500


Started GET "/assets/application.self-b33329976d44262266e0073bfcac02aa87cb5773cf106eee2014909e7a9092aa.js?body=1" for ::1 at 2015-06-07 21:25:32 -0500


Started GET "/scripts/1" for ::1 at 2015-06-07 21:25:49 -0500
Processing by ScriptsController#show as HTML
  Parameters: {"id"=>"1"}
  [1m[36mScript Load (0.3ms)[0m  [1mSELECT  "scripts".* FROM "scripts" WHERE "scripts"."id" = ? LIMIT 1[0m  [["id", 1]]
  [1m[35mScene Load (0.2ms)[0m  SELECT "scenes".* FROM "scenes" WHERE "scenes"."script_id" = ?  [["script_id", 1]]
  [1m[36mClip Exists (0.2ms)[0m  [1mSELECT  1 AS one FROM "clips" WHERE "clips"."scene_id" = ? LIMIT 1[0m  [["scene_id", 1]]
  [1m[35mClip Exists (0.1ms)[0m  SELECT  1 AS one FROM "clips" WHERE "clips"."scene_id" = ? LIMIT 1  [["scene_id", 2]]
  [1m[36mClip Exists (0.1ms)[0m  [1mSELECT  1 AS one FROM "clips" WHERE "clips"."scene_id" = ? LIMIT 1[0m  [["scene_id", 3]]
  [1m[35mClip Exists (0.1ms)[0m  SELECT  1 AS one FROM "clips" WHERE "clips"."scene_id" = ? LIMIT 1  [["scene_id", 4]]
  [1m[36mClip Exists (0.1ms)[0m  [1mSELECT  1 AS one FROM "clips" WHERE "clips"."scene_id" = ? LIMIT 1[0m  [["scene_id", 5]]
  [1m[35mClip Exists (0.1ms)[0m  SELECT  1 AS one FROM "clips" WHERE "clips"."scene_id" = ? LIMIT 1  [["scene_id", 6]]
  [1m[36mClip Exists (0.0ms)[0m  [1mSELECT  1 AS one FROM "clips" WHERE "clips"."scene_id" = ? LIMIT 1[0m  [["scene_id", 7]]
  [1m[35mClip Exists (0.0ms)[0m  SELECT  1 AS one FROM "clips" WHERE "clips"."scene_id" = ? LIMIT 1  [["scene_id", 8]]
  [1m[36mComment Load (0.2ms)[0m  [1mSELECT "comments".* FROM "comments" WHERE "comments"."script_id" = ?[0m  [["script_id", 1]]
  Rendered scripts/show.html.erb within layouts/application (48.3ms)
Completed 200 OK in 216ms (Views: 154.8ms | ActiveRecord: 2.1ms)


Started GET "/images/screenshot.png" for ::1 at 2015-06-07 21:25:49 -0500

ActionController::RoutingError (No route matches [GET] "/images/screenshot.png"):
  actionpack (4.2.1) lib/action_dispatch/middleware/debug_exceptions.rb:21:in `call'
  web-console (2.1.2) lib/web_console/middleware.rb:37:in `call'
  actionpack (4.2.1) lib/action_dispatch/middleware/show_exceptions.rb:30:in `call'
  railties (4.2.1) lib/rails/rack/logger.rb:38:in `call_app'
  railties (4.2.1) lib/rails/rack/logger.rb:20:in `block in call'
  activesupport (4.2.1) lib/active_support/tagged_logging.rb:68:in `block in tagged'
  activesupport (4.2.1) lib/active_support/tagged_logging.rb:26:in `tagged'
  activesupport (4.2.1) lib/active_support/tagged_logging.rb:68:in `tagged'
  railties (4.2.1) lib/rails/rack/logger.rb:20:in `call'
  actionpack (4.2.1) lib/action_dispatch/middleware/request_id.rb:21:in `call'
  rack (1.6.1) lib/rack/methodoverride.rb:22:in `call'
  rack (1.6.1) lib/rack/runtime.rb:18:in `call'
  activesupport (4.2.1) lib/active_support/cache/strategy/local_cache_middleware.rb:28:in `call'
  rack (1.6.1) lib/rack/lock.rb:17:in `call'
  actionpack (4.2.1) lib/action_dispatch/middleware/static.rb:113:in `call'
  rack (1.6.1) lib/rack/sendfile.rb:113:in `call'
  railties (4.2.1) lib/rails/engine.rb:518:in `call'
  railties (4.2.1) lib/rails/application.rb:164:in `call'
  rack (1.6.1) lib/rack/lock.rb:17:in `call'
  rack (1.6.1) lib/rack/content_length.rb:15:in `call'
  rack (1.6.1) lib/rack/handler/webrick.rb:89:in `service'
  /System/Library/Frameworks/Ruby.framework/Versions/2.0/usr/lib/ruby/2.0.0/webrick/httpserver.rb:138:in `service'
  /System/Library/Frameworks/Ruby.framework/Versions/2.0/usr/lib/ruby/2.0.0/webrick/httpserver.rb:94:in `run'
  /System/Library/Frameworks/Ruby.framework/Versions/2.0/usr/lib/ruby/2.0.0/webrick/server.rb:295:in `block in start_thread'


  Rendered /Library/Ruby/Gems/2.0.0/gems/actionpack-4.2.1/lib/action_dispatch/middleware/templates/rescues/_trace.html.erb (1.4ms)
  Rendered /Library/Ruby/Gems/2.0.0/gems/actionpack-4.2.1/lib/action_dispatch/middleware/templates/routes/_route.html.erb (2.0ms)
  Rendered /Library/Ruby/Gems/2.0.0/gems/actionpack-4.2.1/lib/action_dispatch/middleware/templates/routes/_table.html.erb (2.2ms)
  Rendered /Library/Ruby/Gems/2.0.0/gems/actionpack-4.2.1/lib/action_dispatch/middleware/templates/rescues/_request_and_response.html.erb (1.1ms)
  Rendered /Library/Ruby/Gems/2.0.0/gems/actionpack-4.2.1/lib/action_dispatch/middleware/templates/rescues/routing_error.html.erb within rescues/layout (38.8ms)
  Rendered /Library/Ruby/Gems/2.0.0/gems/web-console-2.1.2/lib/web_console/templates/_markup.html.erb (0.3ms)
  Rendered /Library/Ruby/Gems/2.0.0/gems/web-console-2.1.2/lib/web_console/templates/style.css.erb within layouts/inlined_string (0.2ms)
  Rendered /Library/Ruby/Gems/2.0.0/gems/web-console-2.1.2/lib/web_console/templates/_inner_console_markup.html.erb within layouts/inlined_string (0.4ms)
  Rendered /Library/Ruby/Gems/2.0.0/gems/web-console-2.1.2/lib/web_console/templates/_prompt_box_markup.html.erb within layouts/inlined_string (0.3ms)
  Rendered /Library/Ruby/Gems/2.0.0/gems/web-console-2.1.2/lib/web_console/templates/console.js.erb within layouts/javascript (17.1ms)
  Rendered /Library/Ruby/Gems/2.0.0/gems/web-console-2.1.2/lib/web_console/templates/main.js.erb within layouts/javascript (0.3ms)
  Rendered /Library/Ruby/Gems/2.0.0/gems/web-console-2.1.2/lib/web_console/templates/error_page.js.erb within layouts/javascript (0.4ms)
  Rendered /Library/Ruby/Gems/2.0.0/gems/web-console-2.1.2/lib/web_console/templates/index.html.erb (38.6ms)


Started GET "/scripts/1" for ::1 at 2015-06-07 21:26:14 -0500
Processing by ScriptsController#show as HTML
  Parameters: {"id"=>"1"}
  [1m[35mScript Load (0.2ms)[0m  SELECT  "scripts".* FROM "scripts" WHERE "scripts"."id" = ? LIMIT 1  [["id", 1]]
  [1m[36mScene Load (0.3ms)[0m  [1mSELECT "scenes".* FROM "scenes" WHERE "scenes"."script_id" = ?[0m  [["script_id", 1]]
  [1m[35mClip Exists (0.1ms)[0m  SELECT  1 AS one FROM "clips" WHERE "clips"."scene_id" = ? LIMIT 1  [["scene_id", 1]]
  [1m[36mClip Exists (0.1ms)[0m  [1mSELECT  1 AS one FROM "clips" WHERE "clips"."scene_id" = ? LIMIT 1[0m  [["scene_id", 2]]
  [1m[35mClip Exists (0.1ms)[0m  SELECT  1 AS one FROM "clips" WHERE "clips"."scene_id" = ? LIMIT 1  [["scene_id", 3]]
  [1m[36mClip Exists (0.1ms)[0m  [1mSELECT  1 AS one FROM "clips" WHERE "clips"."scene_id" = ? LIMIT 1[0m  [["scene_id", 4]]
  [1m[35mClip Exists (0.2ms)[0m  SELECT  1 AS one FROM "clips" WHERE "clips"."scene_id" = ? LIMIT 1  [["scene_id", 5]]
  [1m[36mClip Exists (0.1ms)[0m  [1mSELECT  1 AS one FROM "clips" WHERE "clips"."scene_id" = ? LIMIT 1[0m  [["scene_id", 6]]
  [1m[35mClip Exists (0.1ms)[0m  SELECT  1 AS one FROM "clips" WHERE "clips"."scene_id" = ? LIMIT 1  [["scene_id", 7]]
  [1m[36mClip Exists (0.1ms)[0m  [1mSELECT  1 AS one FROM "clips" WHERE "clips"."scene_id" = ? LIMIT 1[0m  [["scene_id", 8]]
  [1m[35mComment Load (0.2ms)[0m  SELECT "comments".* FROM "comments" WHERE "comments"."script_id" = ?  [["script_id", 1]]
  Rendered scripts/show.html.erb within layouts/application (7.6ms)
Completed 200 OK in 131ms (Views: 120.0ms | ActiveRecord: 1.4ms)


Started GET "/images/screenshot.png" for ::1 at 2015-06-07 21:26:14 -0500

ActionController::RoutingError (No route matches [GET] "/images/screenshot.png"):
  actionpack (4.2.1) lib/action_dispatch/middleware/debug_exceptions.rb:21:in `call'
  web-console (2.1.2) lib/web_console/middleware.rb:37:in `call'
  actionpack (4.2.1) lib/action_dispatch/middleware/show_exceptions.rb:30:in `call'
  railties (4.2.1) lib/rails/rack/logger.rb:38:in `call_app'
  railties (4.2.1) lib/rails/rack/logger.rb:20:in `block in call'
  activesupport (4.2.1) lib/active_support/tagged_logging.rb:68:in `block in tagged'
  activesupport (4.2.1) lib/active_support/tagged_logging.rb:26:in `tagged'
  activesupport (4.2.1) lib/active_support/tagged_logging.rb:68:in `tagged'
  railties (4.2.1) lib/rails/rack/logger.rb:20:in `call'
  actionpack (4.2.1) lib/action_dispatch/middleware/request_id.rb:21:in `call'
  rack (1.6.1) lib/rack/methodoverride.rb:22:in `call'
  rack (1.6.1) lib/rack/runtime.rb:18:in `call'
  activesupport (4.2.1) lib/active_support/cache/strategy/local_cache_middleware.rb:28:in `call'
  rack (1.6.1) lib/rack/lock.rb:17:in `call'
  actionpack (4.2.1) lib/action_dispatch/middleware/static.rb:113:in `call'
  rack (1.6.1) lib/rack/sendfile.rb:113:in `call'
  railties (4.2.1) lib/rails/engine.rb:518:in `call'
  railties (4.2.1) lib/rails/application.rb:164:in `call'
  rack (1.6.1) lib/rack/lock.rb:17:in `call'
  rack (1.6.1) lib/rack/content_length.rb:15:in `call'
  rack (1.6.1) lib/rack/handler/webrick.rb:89:in `service'
  /System/Library/Frameworks/Ruby.framework/Versions/2.0/usr/lib/ruby/2.0.0/webrick/httpserver.rb:138:in `service'
  /System/Library/Frameworks/Ruby.framework/Versions/2.0/usr/lib/ruby/2.0.0/webrick/httpserver.rb:94:in `run'
  /System/Library/Frameworks/Ruby.framework/Versions/2.0/usr/lib/ruby/2.0.0/webrick/server.rb:295:in `block in start_thread'


  Rendered /Library/Ruby/Gems/2.0.0/gems/actionpack-4.2.1/lib/action_dispatch/middleware/templates/rescues/_trace.html.erb (1.2ms)
  Rendered /Library/Ruby/Gems/2.0.0/gems/actionpack-4.2.1/lib/action_dispatch/middleware/templates/routes/_route.html.erb (5.6ms)
  Rendered /Library/Ruby/Gems/2.0.0/gems/actionpack-4.2.1/lib/action_dispatch/middleware/templates/routes/_table.html.erb (2.6ms)
  Rendered /Library/Ruby/Gems/2.0.0/gems/actionpack-4.2.1/lib/action_dispatch/middleware/templates/rescues/_request_and_response.html.erb (1.8ms)
  Rendered /Library/Ruby/Gems/2.0.0/gems/actionpack-4.2.1/lib/action_dispatch/middleware/templates/rescues/routing_error.html.erb within rescues/layout (37.4ms)
  Rendered /Library/Ruby/Gems/2.0.0/gems/web-console-2.1.2/lib/web_console/templates/_markup.html.erb (0.5ms)
  Rendered /Library/Ruby/Gems/2.0.0/gems/web-console-2.1.2/lib/web_console/templates/style.css.erb within layouts/inlined_string (0.4ms)
  Rendered /Library/Ruby/Gems/2.0.0/gems/web-console-2.1.2/lib/web_console/templates/_inner_console_markup.html.erb within layouts/inlined_string (0.2ms)
  Rendered /Library/Ruby/Gems/2.0.0/gems/web-console-2.1.2/lib/web_console/templates/_prompt_box_markup.html.erb within layouts/inlined_string (0.5ms)
  Rendered /Library/Ruby/Gems/2.0.0/gems/web-console-2.1.2/lib/web_console/templates/console.js.erb within layouts/javascript (13.9ms)
  Rendered /Library/Ruby/Gems/2.0.0/gems/web-console-2.1.2/lib/web_console/templates/main.js.erb within layouts/javascript (0.2ms)
  Rendered /Library/Ruby/Gems/2.0.0/gems/web-console-2.1.2/lib/web_console/templates/error_page.js.erb within layouts/javascript (0.3ms)
  Rendered /Library/Ruby/Gems/2.0.0/gems/web-console-2.1.2/lib/web_console/templates/index.html.erb (28.5ms)
